<?xml version="1.0" encoding="UTF-8"?>
<!-- Generated by org.testng.reporters.JUnitReportReporter -->
<testsuite skipped="0" hostname="LAPTOP-0M8N8O8F" name="utils.ExcelDataProvider" tests="7" failures="0" timestamp="2019-12-25T08:41:43 IST" time="0.059" errors="0">
  <testcase name="Test1" time="0.007" classname="utils.ExcelDataProvider"/>
  <testcase name="Test1" time="0.024" classname="utils.ExcelDataProvider"/>
  <testcase name="Test1" time="0.000" classname="utils.ExcelDataProvider"/>
  <testcase name="Test1" time="0.001" classname="utils.ExcelDataProvider"/>
  <testcase name="Test1" time="0.021" classname="utils.ExcelDataProvider"/>
  <testcase name="Test1" time="0.002" classname="utils.ExcelDataProvider"/>
  <testcase name="Test1" time="0.004" classname="utils.ExcelDataProvider"/>
</testsuite> <!-- utils.ExcelDataProvider -->
