<?xml version="1.0" encoding="UTF-8"?>
<!-- Generated by org.testng.reporters.JUnitReportReporter -->
<testsuite skipped="0" hostname="LAPTOP-0M8N8O8F" name="Day1Test.Day9NGDependencyDemo" tests="4" failures="0" timestamp="2019-12-25T15:11:13 IST" time="0.021" errors="0">
  <testcase name="test3" time="0.013" classname="Day1Test.Day9NGDependencyDemo"/>
  <testcase name="test2" time="0.003" classname="Day1Test.Day9NGDependencyDemo"/>
  <testcase name="test4" time="0.003" classname="Day1Test.Day9NGDependencyDemo"/>
  <testcase name="test1" time="0.002" classname="Day1Test.Day9NGDependencyDemo"/>
</testsuite> <!-- Day1Test.Day9NGDependencyDemo -->
