<?xml version="1.0" encoding="UTF-8"?>
<!-- Generated by org.testng.reporters.JUnitReportReporter -->
<testsuite skipped="0" hostname="LAPTOP-0M8N8O8F" name="Day1Test.Day6ExtentTestNG" tests="5" failures="0" timestamp="2019-12-23T17:00:19 IST" time="0.043" errors="0">
  <testcase name="test1" time="0.030" classname="Day1Test.Day6ExtentTestNG"/>
  <testcase name="test3" time="0.003" classname="Day1Test.Day6ExtentTestNG"/>
  <testcase name="test5" time="0.004" classname="Day1Test.Day6ExtentTestNG"/>
  <testcase name="test4" time="0.003" classname="Day1Test.Day6ExtentTestNG"/>
  <testcase name="test2" time="0.003" classname="Day1Test.Day6ExtentTestNG"/>
</testsuite> <!-- Day1Test.Day6ExtentTestNG -->
