<?xml version="1.0" encoding="UTF-8"?>
<!-- Generated by org.testng.reporters.JUnitReportReporter -->
<testsuite skipped="0" hostname="LAPTOP-0M8N8O8F" name="Day1Test.Day9NGParamfromXML" tests="3" failures="0" timestamp="2019-12-30T14:56:22 IST" time="159.949" errors="0">
  <testcase name="test1" time="53.410" classname="Day1Test.Day9NGParamfromXML"/>
  <testcase name="test1" time="53.443" classname="Day1Test.Day9NGParamfromXML"/>
  <testcase name="test1" time="53.096" classname="Day1Test.Day9NGParamfromXML"/>
</testsuite> <!-- Day1Test.Day9NGParamfromXML -->
