<?xml version="1.0" encoding="UTF-8"?>
<!-- Generated by org.testng.reporters.JUnitReportReporter -->
<testsuite skipped="0" hostname="LAPTOP-0M8N8O8F" name="Day1Test.Day6ExtentTestNG2" tests="5" failures="0" timestamp="2019-12-25T08:41:15 IST" time="0.043" errors="0">
  <testcase name="test8" time="0.001" classname="Day1Test.Day6ExtentTestNG2"/>
  <testcase name="test6" time="0.003" classname="Day1Test.Day6ExtentTestNG2"/>
  <testcase name="test7" time="0.002" classname="Day1Test.Day6ExtentTestNG2"/>
  <testcase name="test10" time="0.025" classname="Day1Test.Day6ExtentTestNG2"/>
  <testcase name="test9" time="0.012" classname="Day1Test.Day6ExtentTestNG2"/>
</testsuite> <!-- Day1Test.Day6ExtentTestNG2 -->
