<?xml version="1.0" encoding="UTF-8"?>
<!-- Generated by org.testng.reporters.JUnitReportReporter -->
<testsuite skipped="0" hostname="LAPTOP-0M8N8O8F" name="Day1Test.Day9NGIgnoreTestDemo" tests="5" failures="0" timestamp="2019-12-25T15:39:35 IST" time="0.026" errors="0">
  <testcase name="test3" time="0.013" classname="Day1Test.Day9NGIgnoreTestDemo"/>
  <testcase name="test2" time="0.005" classname="Day1Test.Day9NGIgnoreTestDemo"/>
  <testcase name="test5" time="0.003" classname="Day1Test.Day9NGIgnoreTestDemo"/>
  <testcase name="test1" time="0.002" classname="Day1Test.Day9NGIgnoreTestDemo"/>
  <testcase name="test4" time="0.003" classname="Day1Test.Day9NGIgnoreTestDemo"/>
</testsuite> <!-- Day1Test.Day9NGIgnoreTestDemo -->
